Determining if the pthread_create exist failed with the following output:
Change Dir: /home/dcamachog1501/Desktop/Tarea_Corta/cmake-build-debug/CMakeFiles/CMakeTmp

Run Build Command:"/usr/bin/make" "cmTC_c952f/fast"
/usr/bin/make -f CMakeFiles/cmTC_c952f.dir/build.make CMakeFiles/cmTC_c952f.dir/build
make[1]: Entering directory '/home/dcamachog1501/Desktop/Tarea_Corta/cmake-build-debug/CMakeFiles/CMakeTmp'
Building C object CMakeFiles/cmTC_c952f.dir/CheckSymbolExists.c.o
/usr/bin/cc    -o CMakeFiles/cmTC_c952f.dir/CheckSymbolExists.c.o   -c /home/dcamachog1501/Desktop/Tarea_Corta/cmake-build-debug/CMakeFiles/CMakeTmp/CheckSymbolExists.c
Linking C executable cmTC_c952f
/snap/clion/67/bin/cmake/linux/bin/cmake -E cmake_link_script CMakeFiles/cmTC_c952f.dir/link.txt --verbose=1
/usr/bin/cc      CMakeFiles/cmTC_c952f.dir/CheckSymbolExists.c.o  -o cmTC_c952f 
CMakeFiles/cmTC_c952f.dir/CheckSymbolExists.c.o: In function `main':
CheckSymbolExists.c:(.text+0x1b): undefined reference to `pthread_create'
collect2: error: ld returned 1 exit status
CMakeFiles/cmTC_c952f.dir/build.make:86: recipe for target 'cmTC_c952f' failed
make[1]: *** [cmTC_c952f] Error 1
make[1]: Leaving directory '/home/dcamachog1501/Desktop/Tarea_Corta/cmake-build-debug/CMakeFiles/CMakeTmp'
Makefile:121: recipe for target 'cmTC_c952f/fast' failed
make: *** [cmTC_c952f/fast] Error 2

File /home/dcamachog1501/Desktop/Tarea_Corta/cmake-build-debug/CMakeFiles/CMakeTmp/CheckSymbolExists.c:
/* */
#include <pthread.h>

int main(int argc, char** argv)
{
  (void)argv;
#ifndef pthread_create
  return ((int*)(&pthread_create))[argc];
#else
  (void)argc;
  return 0;
#endif
}

